2025-12-11 12:26:39,833 [INFO] === MailBot v26 started ===
2025-12-11 12:26:39,834 [INFO] Configuration loaded: 1 accounts
2025-12-11 12:26:39,834 [INFO] Cycle 1 started
2025-12-11 12:26:39,844 [ERROR] IMAP fetch failed for HQ\MedvedevSS
Traceback (most recent call last):
  File "C:\pro\mailbot\mailpro\mailbot_v26\imap_client.py", line 47, in fetch_new_messages
    client = IMAPClient(self.account.host, port=self.account.port, ssl=self.account.use_ssl)
  File "C:\Users\SERGE\AppData\Local\Programs\Python\Python310\lib\site-packages\imapclient\imapclient.py", line 285, in __init__
    self._imap = self._create_IMAP4()
  File "C:\Users\SERGE\AppData\Local\Programs\Python\Python310\lib\site-packages\imapclient\imapclient.py", line 322, in _create_IMAP4
    return tls.IMAP4_TLS(
  File "C:\Users\SERGE\AppData\Local\Programs\Python\Python310\lib\site-packages\imapclient\tls.py", line 44, in __init__
    imaplib.IMAP4.__init__(self, host, port)
  File "C:\Users\SERGE\AppData\Local\Programs\Python\Python310\lib\imaplib.py", line 202, in __init__
    self.open(host, port, timeout)
  File "C:\Users\SERGE\AppData\Local\Programs\Python\Python310\lib\site-packages\imapclient\tls.py", line 49, in open
    sock = socket.create_connection(
  File "C:\Users\SERGE\AppData\Local\Programs\Python\Python310\lib\socket.py", line 824, in create_connection
    for res in getaddrinfo(host, port, 0, SOCK_STREAM):
  File "C:\Users\SERGE\AppData\Local\Programs\Python\Python310\lib\socket.py", line 955, in getaddrinfo
    for res in _socket.getaddrinfo(host, port, family, type, proto, flags):
socket.gaierror: [Errno 11001] getaddrinfo failed
2025-12-11 12:31:40,598 [INFO] === MailBot v26 started ===
2025-12-11 12:31:40,599 [INFO] Configuration loaded: 1 accounts
2025-12-11 12:31:40,600 [INFO] Cycle 1 started
2025-12-11 12:31:40,694 [ERROR] IMAP fetch failed for HQ\MedvedevSS
Traceback (most recent call last):
  File "C:\pro\mailbot\mailpro\mailbot_v26\imap_client.py", line 47, in fetch_new_messages
    client = IMAPClient(self.account.host, port=self.account.port, ssl=self.account.use_ssl)
  File "C:\pro\mailbot\mailpro\mailbot_v26\venv\lib\site-packages\imapclient\imapclient.py", line 285, in __init__
    self._imap = self._create_IMAP4()
  File "C:\pro\mailbot\mailpro\mailbot_v26\venv\lib\site-packages\imapclient\imapclient.py", line 322, in _create_IMAP4
    return tls.IMAP4_TLS(
  File "C:\pro\mailbot\mailpro\mailbot_v26\venv\lib\site-packages\imapclient\tls.py", line 44, in __init__
    imaplib.IMAP4.__init__(self, host, port)
  File "C:\Users\SERGE\AppData\Local\Programs\Python\Python310\lib\imaplib.py", line 202, in __init__
    self.open(host, port, timeout)
  File "C:\pro\mailbot\mailpro\mailbot_v26\venv\lib\site-packages\imapclient\tls.py", line 49, in open
    sock = socket.create_connection(
  File "C:\Users\SERGE\AppData\Local\Programs\Python\Python310\lib\socket.py", line 824, in create_connection
    for res in getaddrinfo(host, port, 0, SOCK_STREAM):
  File "C:\Users\SERGE\AppData\Local\Programs\Python\Python310\lib\socket.py", line 955, in getaddrinfo
    for res in _socket.getaddrinfo(host, port, family, type, proto, flags):
socket.gaierror: [Errno 11001] getaddrinfo failed
2025-12-11 12:34:40,580 [INFO] === MailBot v26 started ===
2025-12-11 12:34:40,581 [INFO] Configuration loaded: 1 accounts
2025-12-11 12:34:40,583 [INFO] Cycle 1 started
2025-12-11 12:34:42,950 [INFO] UID 109941: Telegram OK
2025-12-11 12:34:43,206 [INFO] UID 109960: Telegram OK
2025-12-11 12:34:44,517 [INFO] UID 109964: Telegram OK
2025-12-11 12:34:44,760 [INFO] UID 109965: Telegram OK
2025-12-11 12:36:44,778 [INFO] Cycle 2 started
2025-12-11 12:36:46,568 [INFO] UID 109967: Telegram OK
2025-12-11 12:38:46,596 [INFO] Cycle 3 started
2025-12-11 12:40:47,660 [INFO] Cycle 4 started
2025-12-11 12:42:28,913 [INFO] === MailBot v26 started ===
2025-12-11 12:42:28,914 [INFO] Configuration loaded: 1 accounts
2025-12-11 12:42:28,916 [INFO] Cycle 1 started
2025-12-11 12:44:30,009 [INFO] Cycle 2 started
2025-12-11 12:44:32,058 [INFO] UID 109970: Telegram OK
2025-12-11 12:46:32,067 [INFO] Cycle 3 started
2025-12-11 12:48:32,326 [INFO] Cycle 4 started
2025-12-11 12:50:32,567 [INFO] Cycle 5 started
2025-12-11 12:52:32,890 [INFO] Cycle 6 started
2025-12-11 12:54:33,124 [INFO] Cycle 7 started
2025-12-11 12:56:33,348 [INFO] Cycle 8 started
2025-12-11 12:58:33,559 [INFO] Cycle 9 started
2025-12-11 13:00:33,780 [INFO] Cycle 10 started
2025-12-11 13:02:34,019 [INFO] Cycle 11 started
2025-12-11 13:04:34,259 [INFO] Cycle 12 started
2025-12-11 13:06:34,530 [INFO] Cycle 13 started
2025-12-11 13:08:34,742 [INFO] Cycle 14 started
2025-12-11 13:10:34,955 [INFO] Cycle 15 started
2025-12-11 13:12:35,166 [INFO] Cycle 16 started
2025-12-11 13:14:36,272 [INFO] Cycle 17 started
2025-12-11 13:16:37,315 [INFO] Cycle 18 started
2025-12-11 13:18:38,370 [INFO] Cycle 19 started
2025-12-11 13:20:39,528 [INFO] Cycle 20 started
2025-12-11 13:22:40,705 [INFO] Cycle 21 started
2025-12-11 13:24:41,824 [INFO] Cycle 22 started
2025-12-11 13:26:42,938 [INFO] Cycle 23 started
2025-12-11 13:28:44,075 [INFO] Cycle 24 started
2025-12-11 13:30:45,212 [INFO] Cycle 25 started
2025-12-11 13:32:46,253 [INFO] Cycle 26 started
2025-12-11 13:34:47,339 [INFO] Cycle 27 started
2025-12-11 13:36:48,413 [INFO] Cycle 28 started
2025-12-11 13:38:49,461 [INFO] Cycle 29 started
2025-12-11 13:40:50,608 [INFO] Cycle 30 started
2025-12-11 13:42:51,730 [INFO] Cycle 31 started
2025-12-11 13:44:52,838 [INFO] Cycle 32 started
2025-12-11 13:46:53,962 [INFO] Cycle 33 started
2025-12-11 13:48:55,035 [INFO] Cycle 34 started
2025-12-11 13:50:56,077 [INFO] Cycle 35 started
2025-12-11 13:52:57,132 [INFO] Cycle 36 started
2025-12-11 13:54:58,228 [INFO] Cycle 37 started
2025-12-11 13:56:59,341 [INFO] Cycle 38 started
2025-12-11 13:59:00,431 [INFO] Cycle 39 started
2025-12-11 14:01:01,513 [INFO] Cycle 40 started
2025-12-11 14:03:02,600 [INFO] Cycle 41 started
2025-12-11 14:05:03,699 [INFO] Cycle 42 started
2025-12-11 14:07:04,754 [INFO] Cycle 43 started
2025-12-11 14:09:05,859 [INFO] Cycle 44 started
2025-12-11 14:11:06,949 [INFO] Cycle 45 started
2025-12-11 14:13:07,983 [INFO] Cycle 46 started
2025-12-11 14:15:09,052 [INFO] Cycle 47 started
2025-12-11 14:17:10,165 [INFO] Cycle 48 started
2025-12-11 14:19:11,272 [INFO] Cycle 49 started
2025-12-11 14:21:12,420 [INFO] Cycle 50 started
2025-12-11 14:23:13,458 [INFO] Cycle 51 started
2025-12-11 14:25:14,543 [INFO] Cycle 52 started
2025-12-11 14:27:15,692 [INFO] Cycle 53 started
2025-12-11 14:29:16,816 [INFO] Cycle 54 started
2025-12-11 14:31:18,066 [INFO] Cycle 55 started
2025-12-11 14:33:19,106 [INFO] Cycle 56 started
2025-12-11 14:35:20,170 [INFO] Cycle 57 started
2025-12-11 14:37:21,410 [INFO] Cycle 58 started
2025-12-11 14:39:22,474 [INFO] Cycle 59 started
2025-12-11 14:41:23,525 [INFO] Cycle 60 started
2025-12-11 14:43:24,661 [INFO] Cycle 61 started
2025-12-11 14:45:25,803 [INFO] Cycle 62 started
2025-12-11 14:47:26,845 [INFO] Cycle 63 started
2025-12-11 14:49:27,894 [INFO] Cycle 64 started
2025-12-11 14:51:28,972 [INFO] Cycle 65 started
2025-12-11 14:53:30,103 [INFO] Cycle 66 started
2025-12-11 14:55:31,184 [INFO] Cycle 67 started
2025-12-11 14:57:32,234 [INFO] Cycle 68 started
2025-12-11 14:59:33,343 [INFO] Cycle 69 started
2025-12-11 15:01:34,506 [INFO] Cycle 70 started
2025-12-11 15:03:35,598 [INFO] Cycle 71 started
2025-12-11 15:05:36,731 [INFO] Cycle 72 started
2025-12-11 15:07:37,882 [INFO] Cycle 73 started
2025-12-11 15:09:38,951 [INFO] Cycle 74 started
2025-12-11 15:11:39,988 [INFO] Cycle 75 started
2025-12-11 15:13:41,119 [INFO] Cycle 76 started
2025-12-11 15:15:42,256 [INFO] Cycle 77 started
2025-12-11 15:17:43,325 [INFO] Cycle 78 started
2025-12-11 15:19:44,424 [INFO] Cycle 79 started
2025-12-11 15:21:45,508 [INFO] Cycle 80 started
2025-12-11 15:23:46,575 [INFO] Cycle 81 started
2025-12-11 15:25:47,613 [INFO] Cycle 82 started
2025-12-11 15:27:48,646 [INFO] Cycle 83 started
2025-12-11 15:29:49,810 [INFO] Cycle 84 started
2025-12-11 15:31:51,039 [INFO] Cycle 85 started
2025-12-11 15:33:52,180 [INFO] Cycle 86 started
2025-12-11 15:35:53,317 [INFO] Cycle 87 started
2025-12-11 15:37:54,404 [INFO] Cycle 88 started
2025-12-11 15:39:55,474 [INFO] Cycle 89 started
2025-12-11 15:41:56,536 [INFO] Cycle 90 started
2025-12-11 15:43:57,576 [INFO] Cycle 91 started
2025-12-11 15:43:58,515 [INFO] UID 109972: Telegram OK
2025-12-11 15:45:58,525 [INFO] Cycle 92 started
2025-12-11 15:47:58,747 [INFO] Cycle 93 started
2025-12-11 15:49:58,971 [INFO] Cycle 94 started
2025-12-11 15:51:59,178 [INFO] Cycle 95 started
2025-12-11 15:53:59,398 [INFO] Cycle 96 started
2025-12-11 15:55:59,624 [INFO] Cycle 97 started
2025-12-11 15:57:59,914 [INFO] Cycle 98 started
2025-12-11 16:00:00,126 [INFO] Cycle 99 started
2025-12-11 16:02:00,453 [INFO] Cycle 100 started
2025-12-11 16:04:00,763 [INFO] Cycle 101 started
2025-12-11 16:06:01,064 [INFO] Cycle 102 started
2025-12-11 16:08:01,312 [INFO] Cycle 103 started
2025-12-11 16:10:01,604 [INFO] Cycle 104 started
2025-12-11 16:12:01,965 [INFO] Cycle 105 started
2025-12-11 16:14:02,181 [INFO] Cycle 106 started
2025-12-11 16:16:02,415 [INFO] Cycle 107 started
2025-12-11 16:18:02,640 [INFO] Cycle 108 started
2025-12-11 16:20:02,967 [INFO] Cycle 109 started
2025-12-11 16:22:03,174 [INFO] Cycle 110 started
2025-12-11 16:24:03,397 [INFO] Cycle 111 started
2025-12-11 16:26:03,613 [INFO] Cycle 112 started
2025-12-11 16:28:03,900 [INFO] Cycle 113 started
2025-12-11 16:30:04,109 [INFO] Cycle 114 started
2025-12-11 16:32:04,329 [INFO] Cycle 115 started
2025-12-11 16:34:04,524 [INFO] Cycle 116 started
2025-12-11 16:36:04,749 [INFO] Cycle 117 started
2025-12-11 16:38:04,956 [INFO] Cycle 118 started
2025-12-11 16:40:05,178 [INFO] Cycle 119 started
2025-12-11 16:42:05,394 [INFO] Cycle 120 started
2025-12-11 16:44:05,612 [INFO] Cycle 121 started
2025-12-11 16:46:05,861 [INFO] Cycle 122 started
2025-12-11 16:48:06,069 [INFO] Cycle 123 started
2025-12-11 16:50:06,296 [INFO] Cycle 124 started
2025-12-11 16:52:06,503 [INFO] Cycle 125 started
2025-12-11 16:54:06,708 [INFO] Cycle 126 started
2025-12-11 16:56:06,922 [INFO] Cycle 127 started
2025-12-11 16:58:07,134 [INFO] Cycle 128 started
2025-12-11 17:00:07,364 [INFO] Cycle 129 started
2025-12-11 17:02:07,613 [INFO] Cycle 130 started
2025-12-11 17:04:07,834 [INFO] Cycle 131 started
2025-12-11 17:06:08,072 [INFO] Cycle 132 started
2025-12-11 17:08:08,283 [INFO] Cycle 133 started
2025-12-11 17:10:08,549 [INFO] Cycle 134 started
2025-12-11 17:12:08,771 [INFO] Cycle 135 started
2025-12-11 17:14:09,045 [INFO] Cycle 136 started
2025-12-11 17:16:09,272 [INFO] Cycle 137 started
2025-12-11 17:18:09,479 [INFO] Cycle 138 started
2025-12-11 17:20:09,691 [INFO] Cycle 139 started
2025-12-11 17:22:09,911 [INFO] Cycle 140 started
2025-12-11 17:24:10,106 [INFO] Cycle 141 started
2025-12-11 17:26:10,439 [INFO] Cycle 142 started
2025-12-11 17:28:10,699 [INFO] Cycle 143 started
2025-12-11 17:30:11,010 [INFO] Cycle 144 started
2025-12-11 17:32:11,216 [INFO] Cycle 145 started
2025-12-11 17:34:11,508 [INFO] Cycle 146 started
2025-12-11 17:36:11,726 [INFO] Cycle 147 started
2025-12-11 17:38:11,933 [INFO] Cycle 148 started
2025-12-11 17:40:12,164 [INFO] Cycle 149 started
2025-12-11 17:42:12,368 [INFO] Cycle 150 started
2025-12-11 17:44:12,567 [INFO] Cycle 151 started
2025-12-11 17:46:12,862 [INFO] Cycle 152 started
2025-12-11 17:48:13,070 [INFO] Cycle 153 started
2025-12-11 17:50:13,302 [INFO] Cycle 154 started
2025-12-11 17:52:13,596 [INFO] Cycle 155 started
2025-12-11 17:54:13,840 [INFO] Cycle 156 started
2025-12-11 17:56:14,134 [INFO] Cycle 157 started
2025-12-11 17:58:14,368 [INFO] Cycle 158 started
2025-12-11 18:00:14,637 [INFO] Cycle 159 started
2025-12-11 18:02:14,935 [INFO] Cycle 160 started
2025-12-11 18:04:15,158 [INFO] Cycle 161 started
2025-12-11 18:06:15,426 [INFO] Cycle 162 started
2025-12-11 18:08:15,644 [INFO] Cycle 163 started
2025-12-11 18:10:15,861 [INFO] Cycle 164 started
2025-12-11 18:12:16,109 [INFO] Cycle 165 started
2025-12-11 18:14:16,333 [INFO] Cycle 166 started
2025-12-11 18:16:16,584 [INFO] Cycle 167 started
2025-12-11 18:18:16,798 [INFO] Cycle 168 started
2025-12-11 18:20:17,063 [INFO] Cycle 169 started
2025-12-11 18:22:17,256 [INFO] Cycle 170 started
2025-12-11 18:24:17,547 [INFO] Cycle 171 started
2025-12-11 18:26:17,777 [INFO] Cycle 172 started
2025-12-11 18:28:17,995 [INFO] Cycle 173 started
2025-12-11 18:30:18,263 [INFO] Cycle 174 started
2025-12-11 18:32:18,497 [INFO] Cycle 175 started
2025-12-11 18:34:18,700 [INFO] Cycle 176 started
2025-12-11 18:36:18,911 [INFO] Cycle 177 started
2025-12-11 18:38:19,119 [INFO] Cycle 178 started
2025-12-11 18:40:19,357 [INFO] Cycle 179 started
2025-12-11 18:42:19,649 [INFO] Cycle 180 started
2025-12-11 18:44:19,871 [INFO] Cycle 181 started
2025-12-11 18:46:20,123 [INFO] Cycle 182 started
2025-12-11 18:48:20,369 [INFO] Cycle 183 started
2025-12-11 18:50:20,716 [INFO] Cycle 184 started
2025-12-11 18:52:21,003 [INFO] Cycle 185 started
2025-12-11 18:54:21,301 [INFO] Cycle 186 started
2025-12-11 18:56:21,518 [INFO] Cycle 187 started
2025-12-11 18:58:21,723 [INFO] Cycle 188 started
2025-12-11 19:00:21,978 [INFO] Cycle 189 started
2025-12-11 19:02:22,252 [INFO] Cycle 190 started
2025-12-11 19:04:22,538 [INFO] Cycle 191 started
2025-12-11 19:06:22,792 [INFO] Cycle 192 started
2025-12-11 19:08:23,004 [INFO] Cycle 193 started
2025-12-11 19:10:23,292 [INFO] Cycle 194 started
2025-12-11 19:12:23,548 [INFO] Cycle 195 started
2025-12-11 19:14:23,748 [INFO] Cycle 196 started
2025-12-11 19:16:24,053 [INFO] Cycle 197 started
2025-12-11 19:18:24,296 [INFO] Cycle 198 started
2025-12-11 19:20:24,527 [INFO] Cycle 199 started
2025-12-11 19:22:24,722 [INFO] Cycle 200 started
2025-12-11 19:24:24,936 [INFO] Cycle 201 started
2025-12-11 19:26:25,123 [INFO] Cycle 202 started
2025-12-11 19:28:25,312 [INFO] Cycle 203 started
2025-12-11 19:30:25,539 [INFO] Cycle 204 started
2025-12-11 19:32:25,744 [INFO] Cycle 205 started
2025-12-12 11:08:35,750 [INFO] === MailBot v26 started ===
2025-12-12 11:08:35,751 [INFO] Configuration loaded: 1 accounts
2025-12-12 11:08:35,752 [INFO] Cycle 1 started
2025-12-12 11:08:36,460 [INFO] UID 109976: Telegram OK
2025-12-12 11:08:36,752 [INFO] UID 109977: Telegram OK
2025-12-12 11:10:36,760 [INFO] Cycle 2 started
2025-12-12 11:12:37,065 [INFO] Cycle 3 started
2025-12-12 11:14:37,343 [INFO] Cycle 4 started
2025-12-12 11:16:37,564 [INFO] Cycle 5 started
2025-12-12 11:18:37,766 [INFO] Cycle 6 started
2025-12-12 11:20:38,057 [INFO] Cycle 7 started
2025-12-12 11:22:38,286 [INFO] Cycle 8 started
2025-12-12 11:24:38,584 [INFO] Cycle 9 started
2025-12-12 11:26:38,821 [INFO] Cycle 10 started
2025-12-12 11:28:39,013 [INFO] Cycle 11 started
2025-12-12 11:30:39,246 [INFO] Cycle 12 started
2025-12-12 11:32:39,431 [INFO] Cycle 13 started
2025-12-12 11:34:39,816 [INFO] Cycle 14 started
2025-12-12 11:36:40,058 [INFO] Cycle 15 started
2025-12-12 11:38:40,297 [INFO] Cycle 16 started
2025-12-12 11:40:40,536 [INFO] Cycle 17 started
2025-12-12 11:42:40,809 [INFO] Cycle 18 started
2025-12-12 11:44:41,020 [INFO] Cycle 19 started
2025-12-12 11:46:41,377 [INFO] Cycle 20 started
2025-12-12 11:48:41,610 [INFO] Cycle 21 started
2025-12-12 11:50:41,853 [INFO] Cycle 22 started
2025-12-12 11:52:42,111 [INFO] Cycle 23 started
2025-12-12 11:54:42,348 [INFO] Cycle 24 started
2025-12-12 11:56:42,663 [INFO] Cycle 25 started
2025-12-12 11:58:42,975 [INFO] Cycle 26 started
2025-12-12 12:00:43,208 [INFO] Cycle 27 started
2025-12-12 12:02:43,407 [INFO] Cycle 28 started
2025-12-12 12:04:43,602 [INFO] Cycle 29 started
2025-12-12 12:06:43,889 [INFO] Cycle 30 started
2025-12-12 12:08:44,137 [INFO] Cycle 31 started
2025-12-12 12:10:44,342 [INFO] Cycle 32 started
2025-12-12 12:12:44,627 [INFO] Cycle 33 started
2025-12-12 12:14:44,937 [INFO] Cycle 34 started
2025-12-12 12:16:45,173 [INFO] Cycle 35 started
2025-12-12 12:18:45,495 [INFO] Cycle 36 started
2025-12-12 12:20:45,697 [INFO] Cycle 37 started
2025-12-12 12:22:45,924 [INFO] Cycle 38 started
2025-12-12 12:24:47,043 [INFO] Cycle 39 started
2025-12-12 12:26:48,123 [INFO] Cycle 40 started
2025-12-12 12:28:49,213 [INFO] Cycle 41 started
2025-12-12 12:30:50,335 [INFO] Cycle 42 started
2025-12-12 12:32:51,416 [INFO] Cycle 43 started
2025-12-12 12:34:52,519 [INFO] Cycle 44 started
2025-12-12 12:36:53,610 [INFO] Cycle 45 started
2025-12-12 12:36:53,865 [ERROR] IMAP fetch failed for mss777@mail.ru
Traceback (most recent call last):
  File "C:\pro\mailbot\mailpro\mailbot_v26\imap_client.py", line 47, in fetch_new_messages
    client = IMAPClient(self.account.host, port=self.account.port, ssl=self.account.use_ssl)
  File "C:\pro\mailbot\mailpro\mailbot_v26\venv\lib\site-packages\imapclient\imapclient.py", line 285, in __init__
    self._imap = self._create_IMAP4()
  File "C:\pro\mailbot\mailpro\mailbot_v26\venv\lib\site-packages\imapclient\imapclient.py", line 322, in _create_IMAP4
    return tls.IMAP4_TLS(
  File "C:\pro\mailbot\mailpro\mailbot_v26\venv\lib\site-packages\imapclient\tls.py", line 44, in __init__
    imaplib.IMAP4.__init__(self, host, port)
  File "C:\Users\SERGE\AppData\Local\Programs\Python\Python310\lib\imaplib.py", line 202, in __init__
    self.open(host, port, timeout)
  File "C:\pro\mailbot\mailpro\mailbot_v26\venv\lib\site-packages\imapclient\tls.py", line 49, in open
    sock = socket.create_connection(
  File "C:\Users\SERGE\AppData\Local\Programs\Python\Python310\lib\socket.py", line 845, in create_connection
    raise err
  File "C:\Users\SERGE\AppData\Local\Programs\Python\Python310\lib\socket.py", line 833, in create_connection
    sock.connect(sa)
ConnectionAbortedError: [WinError 10053] Программа на вашем хост-компьютере разорвала установленное подключение
2025-12-12 12:38:53,933 [INFO] Cycle 46 started
2025-12-12 12:40:54,148 [INFO] Cycle 47 started
2025-12-12 12:42:54,388 [INFO] Cycle 48 started
2025-12-12 12:44:54,611 [INFO] Cycle 49 started
2025-12-12 12:46:54,830 [INFO] Cycle 50 started
2025-12-12 12:48:55,029 [INFO] Cycle 51 started
2025-12-12 12:55:13,539 [INFO] Cycle 52 started
2025-12-12 12:57:13,839 [INFO] Cycle 53 started
2025-12-12 12:59:14,112 [INFO] Cycle 54 started
2025-12-12 13:01:15,172 [INFO] Cycle 55 started
2025-12-12 13:03:16,243 [INFO] Cycle 56 started
2025-12-12 13:05:17,344 [INFO] Cycle 57 started
2025-12-12 13:07:18,399 [INFO] Cycle 58 started
2025-12-12 13:09:19,455 [INFO] Cycle 59 started
2025-12-12 13:11:20,618 [INFO] Cycle 60 started
2025-12-12 13:13:21,696 [INFO] Cycle 61 started
2025-12-12 13:15:22,796 [INFO] Cycle 62 started
2025-12-12 13:17:23,935 [INFO] Cycle 63 started
2025-12-12 13:19:25,072 [INFO] Cycle 64 started
2025-12-12 13:21:26,179 [INFO] Cycle 65 started
2025-12-12 13:23:27,257 [INFO] Cycle 66 started
2025-12-12 13:25:28,332 [INFO] Cycle 67 started
2025-12-12 13:27:29,464 [INFO] Cycle 68 started
2025-12-12 13:29:30,628 [INFO] Cycle 69 started
2025-12-12 13:31:31,691 [INFO] Cycle 70 started
2025-12-12 13:33:32,904 [INFO] Cycle 71 started
2025-12-12 13:35:34,046 [INFO] Cycle 72 started
2025-12-12 13:37:35,099 [INFO] Cycle 73 started
2025-12-12 13:39:36,154 [INFO] Cycle 74 started
2025-12-12 13:41:37,236 [INFO] Cycle 75 started
2025-12-12 13:43:38,392 [INFO] Cycle 76 started
2025-12-12 13:45:39,451 [INFO] Cycle 77 started
2025-12-12 13:47:40,800 [INFO] Cycle 78 started
2025-12-12 13:49:41,910 [INFO] Cycle 79 started
2025-12-12 13:51:43,040 [INFO] Cycle 80 started
2025-12-12 13:53:44,211 [INFO] Cycle 81 started
2025-12-12 13:55:45,276 [INFO] Cycle 82 started
2025-12-12 13:57:46,417 [INFO] Cycle 83 started
2025-12-12 13:59:47,527 [INFO] Cycle 84 started
2025-12-12 14:01:48,737 [INFO] Cycle 85 started
2025-12-12 14:03:49,957 [INFO] Cycle 86 started
2025-12-12 14:05:51,023 [INFO] Cycle 87 started
2025-12-12 14:07:52,160 [INFO] Cycle 88 started
2025-12-12 14:09:53,205 [INFO] Cycle 89 started
2025-12-12 14:11:54,271 [INFO] Cycle 90 started
2025-12-12 14:13:55,337 [INFO] Cycle 91 started
2025-12-12 14:15:56,449 [INFO] Cycle 92 started
2025-12-12 14:17:57,491 [INFO] Cycle 93 started
2025-12-12 14:19:58,649 [INFO] Cycle 94 started
2025-12-12 14:21:59,816 [INFO] Cycle 95 started
2025-12-12 14:24:00,935 [INFO] Cycle 96 started
2025-12-12 14:26:02,043 [INFO] Cycle 97 started
2025-12-12 16:09:02,866 [INFO] === MailBot v26 started ===
2025-12-12 16:09:02,867 [INFO] Configuration loaded: 1 accounts
2025-12-12 16:09:02,868 [INFO] Cycle 1 started
2025-12-12 16:09:04,691 [INFO] UID 109982: Telegram OK
2025-12-12 16:11:04,717 [INFO] Cycle 2 started
2025-12-12 16:11:12,430 [INFO] === MailBot v26 started ===
2025-12-12 16:11:12,431 [INFO] Configuration loaded: 1 accounts
2025-12-12 16:11:12,434 [INFO] Cycle 1 started
2025-12-12 16:13:13,429 [INFO] Cycle 2 started
2025-12-12 16:13:15,261 [INFO] UID 109983: Telegram OK
2025-12-12 16:15:15,271 [INFO] Cycle 3 started
2025-12-12 16:17:16,342 [INFO] Cycle 4 started
2025-12-12 16:19:17,415 [INFO] Cycle 5 started
2025-12-12 16:21:18,530 [INFO] Cycle 6 started
2025-12-12 16:23:19,647 [INFO] Cycle 7 started
2025-12-12 16:25:20,763 [INFO] Cycle 8 started
2025-12-12 16:27:21,860 [INFO] Cycle 9 started
2025-12-12 16:29:23,022 [INFO] Cycle 10 started
2025-12-12 16:31:24,098 [INFO] Cycle 11 started
2025-12-12 16:33:25,188 [INFO] Cycle 12 started
2025-12-12 16:34:56,989 [INFO] === MailBot v26 started ===
2025-12-12 16:34:56,989 [INFO] Configuration loaded: 1 accounts
2025-12-12 16:34:56,992 [INFO] Cycle 1 started
2025-12-12 16:35:26,316 [INFO] Cycle 13 started
2025-12-12 16:35:27,867 [INFO] UID 109986: Telegram OK
2025-12-12 16:36:09,486 [INFO] === MailBot v26 started ===
2025-12-12 16:36:09,487 [INFO] Configuration loaded: 1 accounts
2025-12-12 16:36:09,489 [INFO] Cycle 1 started
2025-12-12 16:36:11,275 [INFO] UID 109987: Telegram OK
